CRITICAL - 2023-10-26 16:48:38 --> Undefined property: stdClass::$adoptador
in APPPATH\Views\Mascota\agregar.php on line 55.
 1 APPPATH\Views\Mascota\agregar.php(55): CodeIgniter\Debug\Exceptions->errorHandler(2, 'Undefined property: stdClass::$adoptador', 'C:\\xampp\\htdocs\\Pro_Adopciones\\app\\Views\\Mascota\\agregar.php', 55)
 2 SYSTEMPATH\View\View.php(226): include('C:\\xampp\\htdocs\\Pro_Adopciones\\app\\Views\\Mascota\\agregar.php')
 3 SYSTEMPATH\View\View.php(229): CodeIgniter\View\View->CodeIgniter\View\{closure}()
 4 SYSTEMPATH\Common.php(1188): CodeIgniter\View\View->render('Mascota/agregar', [...], true)
 5 APPPATH\Controllers\Mascota.php(51): view('Mascota/agregar', [...], [...])
 6 SYSTEMPATH\CodeIgniter.php(919): App\Controllers\Mascota->agregar()
 7 SYSTEMPATH\CodeIgniter.php(494): CodeIgniter\CodeIgniter->runController(Object(App\Controllers\Mascota))
 8 SYSTEMPATH\CodeIgniter.php(353): CodeIgniter\CodeIgniter->handleRequest(null, Object(Config\Cache), false)
 9 FCPATH\index.php(79): CodeIgniter\CodeIgniter->run()
10 SYSTEMPATH\Commands\Server\rewrite.php(47): require_once('C:\\xampp\\htdocs\\Pro_Adopciones\\public\\index.php')
CRITICAL - 2023-10-26 16:51:41 --> Undefined property: stdClass::$adoptador
in APPPATH\Views\Mascota\agregar.php on line 55.
 1 APPPATH\Views\Mascota\agregar.php(55): CodeIgniter\Debug\Exceptions->errorHandler(2, 'Undefined property: stdClass::$adoptador', 'C:\\xampp\\htdocs\\Pro_Adopciones\\app\\Views\\Mascota\\agregar.php', 55)
 2 SYSTEMPATH\View\View.php(226): include('C:\\xampp\\htdocs\\Pro_Adopciones\\app\\Views\\Mascota\\agregar.php')
 3 SYSTEMPATH\View\View.php(229): CodeIgniter\View\View->CodeIgniter\View\{closure}()
 4 SYSTEMPATH\Common.php(1188): CodeIgniter\View\View->render('Mascota/agregar', [...], true)
 5 APPPATH\Controllers\Mascota.php(51): view('Mascota/agregar', [...], [...])
 6 SYSTEMPATH\CodeIgniter.php(919): App\Controllers\Mascota->agregar()
 7 SYSTEMPATH\CodeIgniter.php(494): CodeIgniter\CodeIgniter->runController(Object(App\Controllers\Mascota))
 8 SYSTEMPATH\CodeIgniter.php(353): CodeIgniter\CodeIgniter->handleRequest(null, Object(Config\Cache), false)
 9 FCPATH\index.php(79): CodeIgniter\CodeIgniter->run()
10 SYSTEMPATH\Commands\Server\rewrite.php(47): require_once('C:\\xampp\\htdocs\\Pro_Adopciones\\public\\index.php')
CRITICAL - 2023-10-26 16:52:08 --> Undefined property: stdClass::$adoptador
in APPPATH\Views\Mascota\agregar.php on line 55.
 1 APPPATH\Views\Mascota\agregar.php(55): CodeIgniter\Debug\Exceptions->errorHandler(2, 'Undefined property: stdClass::$adoptador', 'C:\\xampp\\htdocs\\Pro_Adopciones\\app\\Views\\Mascota\\agregar.php', 55)
 2 SYSTEMPATH\View\View.php(226): include('C:\\xampp\\htdocs\\Pro_Adopciones\\app\\Views\\Mascota\\agregar.php')
 3 SYSTEMPATH\View\View.php(229): CodeIgniter\View\View->CodeIgniter\View\{closure}()
 4 SYSTEMPATH\Common.php(1188): CodeIgniter\View\View->render('Mascota/agregar', [...], true)
 5 APPPATH\Controllers\Mascota.php(51): view('Mascota/agregar', [...], [...])
 6 SYSTEMPATH\CodeIgniter.php(919): App\Controllers\Mascota->agregar()
 7 SYSTEMPATH\CodeIgniter.php(494): CodeIgniter\CodeIgniter->runController(Object(App\Controllers\Mascota))
 8 SYSTEMPATH\CodeIgniter.php(353): CodeIgniter\CodeIgniter->handleRequest(null, Object(Config\Cache), false)
 9 FCPATH\index.php(79): CodeIgniter\CodeIgniter->run()
10 SYSTEMPATH\Commands\Server\rewrite.php(47): require_once('C:\\xampp\\htdocs\\Pro_Adopciones\\public\\index.php')
