CRITICAL - 2023-10-25 16:28:51 --> Undefined variable $razas
in APPPATH\Views\Mascota\mostrar.php on line 19.
 1 APPPATH\Views\Mascota\mostrar.php(19): CodeIgniter\Debug\Exceptions->errorHandler(2, 'Undefined variable $razas', 'C:\\xampp\\htdocs\\Pro_Adopciones\\app\\Views\\Mascota\\mostrar.php', 19)
 2 SYSTEMPATH\View\View.php(226): include('C:\\xampp\\htdocs\\Pro_Adopciones\\app\\Views\\Mascota\\mostrar.php')
 3 SYSTEMPATH\View\View.php(229): CodeIgniter\View\View->CodeIgniter\View\{closure}()
 4 SYSTEMPATH\Common.php(1188): CodeIgniter\View\View->render('Mascota/mostrar', [], true)
 5 APPPATH\Controllers\Mascota.php(21): view('Mascota/mostrar', [...])
 6 SYSTEMPATH\CodeIgniter.php(919): App\Controllers\Mascota->mostrar()
 7 SYSTEMPATH\CodeIgniter.php(494): CodeIgniter\CodeIgniter->runController(Object(App\Controllers\Mascota))
 8 SYSTEMPATH\CodeIgniter.php(353): CodeIgniter\CodeIgniter->handleRequest(null, Object(Config\Cache), false)
 9 FCPATH\index.php(79): CodeIgniter\CodeIgniter->run()
10 SYSTEMPATH\Commands\Server\rewrite.php(47): require_once('C:\\xampp\\htdocs\\Pro_Adopciones\\public\\index.php')
CRITICAL - 2023-10-25 16:41:45 --> Undefined variable $rzas
in APPPATH\Views\Raza\mostrar.php on line 12.
 1 APPPATH\Views\Raza\mostrar.php(12): CodeIgniter\Debug\Exceptions->errorHandler(2, 'Undefined variable $rzas', 'C:\\xampp\\htdocs\\Pro_Adopciones\\app\\Views\\Raza\\mostrar.php', 12)
 2 SYSTEMPATH\View\View.php(226): include('C:\\xampp\\htdocs\\Pro_Adopciones\\app\\Views\\Raza\\mostrar.php')
 3 SYSTEMPATH\View\View.php(229): CodeIgniter\View\View->CodeIgniter\View\{closure}()
 4 SYSTEMPATH\Common.php(1188): CodeIgniter\View\View->render('Raza/mostrar', [], true)
 5 APPPATH\Controllers\Raza.php(20): view('Raza/mostrar', [...])
 6 SYSTEMPATH\CodeIgniter.php(919): App\Controllers\Raza->mostrar()
 7 SYSTEMPATH\CodeIgniter.php(494): CodeIgniter\CodeIgniter->runController(Object(App\Controllers\Raza))
 8 SYSTEMPATH\CodeIgniter.php(353): CodeIgniter\CodeIgniter->handleRequest(null, Object(Config\Cache), false)
 9 FCPATH\index.php(79): CodeIgniter\CodeIgniter->run()
10 SYSTEMPATH\Commands\Server\rewrite.php(47): require_once('C:\\xampp\\htdocs\\Pro_Adopciones\\public\\index.php')
CRITICAL - 2023-10-25 16:53:02 --> Undefined property: stdClass::$idRaza
in APPPATH\Views\Mascota\buscar.php on line 31.
 1 APPPATH\Views\Mascota\buscar.php(31): CodeIgniter\Debug\Exceptions->errorHandler(2, 'Undefined property: stdClass::$idRaza', 'C:\\xampp\\htdocs\\Pro_Adopciones\\app\\Views\\Mascota\\buscar.php', 31)
 2 SYSTEMPATH\View\View.php(226): include('C:\\xampp\\htdocs\\Pro_Adopciones\\app\\Views\\Mascota\\buscar.php')
 3 SYSTEMPATH\View\View.php(229): CodeIgniter\View\View->CodeIgniter\View\{closure}()
 4 SYSTEMPATH\Common.php(1188): CodeIgniter\View\View->render('Mascota/buscar', [], true)
 5 APPPATH\Controllers\Mascota.php(121): view('Mascota/buscar', [...])
 6 SYSTEMPATH\CodeIgniter.php(919): App\Controllers\Mascota->buscar()
 7 SYSTEMPATH\CodeIgniter.php(494): CodeIgniter\CodeIgniter->runController(Object(App\Controllers\Mascota))
 8 SYSTEMPATH\CodeIgniter.php(353): CodeIgniter\CodeIgniter->handleRequest(null, Object(Config\Cache), false)
 9 FCPATH\index.php(79): CodeIgniter\CodeIgniter->run()
10 SYSTEMPATH\Commands\Server\rewrite.php(47): require_once('C:\\xampp\\htdocs\\Pro_Adopciones\\public\\index.php')
