ERROR - 2023-10-27 03:39:21 --> mysqli_sql_exception: Unknown table 'adopciones.Adopciones' in C:\xampp\htdocs\Pro_Adopciones\system\Database\MySQLi\Connection.php:306
Stack trace:
#0 C:\xampp\htdocs\Pro_Adopciones\system\Database\MySQLi\Connection.php(306): mysqli->query('SELECT Adopcion...', 0)
#1 C:\xampp\htdocs\Pro_Adopciones\system\Database\BaseConnection.php(692): CodeIgniter\Database\MySQLi\Connection->execute('SELECT Adopcion...')
#2 C:\xampp\htdocs\Pro_Adopciones\system\Database\BaseConnection.php(606): CodeIgniter\Database\BaseConnection->simpleQuery('SELECT Adopcion...')
#3 C:\xampp\htdocs\Pro_Adopciones\app\Controllers\Home.php(11): CodeIgniter\Database\BaseConnection->query('SELECT Adopcion...')
#4 C:\xampp\htdocs\Pro_Adopciones\system\CodeIgniter.php(919): App\Controllers\Home->index()
#5 C:\xampp\htdocs\Pro_Adopciones\system\CodeIgniter.php(494): CodeIgniter\CodeIgniter->runController(Object(App\Controllers\Home))
#6 C:\xampp\htdocs\Pro_Adopciones\system\CodeIgniter.php(353): CodeIgniter\CodeIgniter->handleRequest(NULL, Object(Config\Cache), false)
#7 C:\xampp\htdocs\Pro_Adopciones\public\index.php(79): CodeIgniter\CodeIgniter->run()
#8 {main}
CRITICAL - 2023-10-27 03:39:21 --> Unknown table 'adopciones.Adopciones'
in SYSTEMPATH\Database\BaseConnection.php on line 646.
 1 APPPATH\Controllers\Home.php(11): CodeIgniter\Database\BaseConnection->query('SELECT Adopciones.*, dietas.dieta,dietas.cuidadosEspeciales, razas.raza FROM mascota, dietas, razas where mascota.idDieta = dietas.idDieta and mascota.idRaza = razas.idRaza')
 2 SYSTEMPATH\CodeIgniter.php(919): App\Controllers\Home->index()
 3 SYSTEMPATH\CodeIgniter.php(494): CodeIgniter\CodeIgniter->runController(Object(App\Controllers\Home))
 4 SYSTEMPATH\CodeIgniter.php(353): CodeIgniter\CodeIgniter->handleRequest(null, Object(Config\Cache), false)
 5 FCPATH\index.php(79): CodeIgniter\CodeIgniter->run()
ERROR - 2023-10-27 03:39:50 --> mysqli_sql_exception: Unknown table 'adopciones.adopciones' in C:\xampp\htdocs\Pro_Adopciones\system\Database\MySQLi\Connection.php:306
Stack trace:
#0 C:\xampp\htdocs\Pro_Adopciones\system\Database\MySQLi\Connection.php(306): mysqli->query('SELECT adopcion...', 0)
#1 C:\xampp\htdocs\Pro_Adopciones\system\Database\BaseConnection.php(692): CodeIgniter\Database\MySQLi\Connection->execute('SELECT adopcion...')
#2 C:\xampp\htdocs\Pro_Adopciones\system\Database\BaseConnection.php(606): CodeIgniter\Database\BaseConnection->simpleQuery('SELECT adopcion...')
#3 C:\xampp\htdocs\Pro_Adopciones\app\Controllers\Home.php(11): CodeIgniter\Database\BaseConnection->query('SELECT adopcion...')
#4 C:\xampp\htdocs\Pro_Adopciones\system\CodeIgniter.php(919): App\Controllers\Home->index()
#5 C:\xampp\htdocs\Pro_Adopciones\system\CodeIgniter.php(494): CodeIgniter\CodeIgniter->runController(Object(App\Controllers\Home))
#6 C:\xampp\htdocs\Pro_Adopciones\system\CodeIgniter.php(353): CodeIgniter\CodeIgniter->handleRequest(NULL, Object(Config\Cache), false)
#7 C:\xampp\htdocs\Pro_Adopciones\public\index.php(79): CodeIgniter\CodeIgniter->run()
#8 {main}
CRITICAL - 2023-10-27 03:39:50 --> Unknown table 'adopciones.adopciones'
in SYSTEMPATH\Database\BaseConnection.php on line 646.
 1 APPPATH\Controllers\Home.php(11): CodeIgniter\Database\BaseConnection->query('SELECT adopciones.*, dietas.dieta,dietas.cuidadosEspeciales, razas.raza FROM mascota, dietas, razas where mascota.idDieta = dietas.idDieta and mascota.idRaza = razas.idRaza')
 2 SYSTEMPATH\CodeIgniter.php(919): App\Controllers\Home->index()
 3 SYSTEMPATH\CodeIgniter.php(494): CodeIgniter\CodeIgniter->runController(Object(App\Controllers\Home))
 4 SYSTEMPATH\CodeIgniter.php(353): CodeIgniter\CodeIgniter->handleRequest(null, Object(Config\Cache), false)
 5 FCPATH\index.php(79): CodeIgniter\CodeIgniter->run()
ERROR - 2023-10-27 03:41:27 --> mysqli_sql_exception: Unknown column 'mascota.idDieta' in 'where clause' in C:\xampp\htdocs\Pro_Adopciones\system\Database\MySQLi\Connection.php:306
Stack trace:
#0 C:\xampp\htdocs\Pro_Adopciones\system\Database\MySQLi\Connection.php(306): mysqli->query('SELECT mascota....', 0)
#1 C:\xampp\htdocs\Pro_Adopciones\system\Database\BaseConnection.php(692): CodeIgniter\Database\MySQLi\Connection->execute('SELECT mascota....')
#2 C:\xampp\htdocs\Pro_Adopciones\system\Database\BaseConnection.php(606): CodeIgniter\Database\BaseConnection->simpleQuery('SELECT mascota....')
#3 C:\xampp\htdocs\Pro_Adopciones\app\Controllers\Home.php(11): CodeIgniter\Database\BaseConnection->query('SELECT mascota....')
#4 C:\xampp\htdocs\Pro_Adopciones\system\CodeIgniter.php(919): App\Controllers\Home->index()
#5 C:\xampp\htdocs\Pro_Adopciones\system\CodeIgniter.php(494): CodeIgniter\CodeIgniter->runController(Object(App\Controllers\Home))
#6 C:\xampp\htdocs\Pro_Adopciones\system\CodeIgniter.php(353): CodeIgniter\CodeIgniter->handleRequest(NULL, Object(Config\Cache), false)
#7 C:\xampp\htdocs\Pro_Adopciones\public\index.php(79): CodeIgniter\CodeIgniter->run()
#8 {main}
CRITICAL - 2023-10-27 03:41:27 --> Unknown column 'mascota.idDieta' in 'where clause'
in SYSTEMPATH\Database\BaseConnection.php on line 646.
 1 APPPATH\Controllers\Home.php(11): CodeIgniter\Database\BaseConnection->query('SELECT mascota.*, dietas.dieta,dietas.cuidadosEspeciales, razas.raza FROM mascota, dietas, razas where mascota.idDieta = dietas.idDieta and mascota.idRaza = razas.idRaza')
 2 SYSTEMPATH\CodeIgniter.php(919): App\Controllers\Home->index()
 3 SYSTEMPATH\CodeIgniter.php(494): CodeIgniter\CodeIgniter->runController(Object(App\Controllers\Home))
 4 SYSTEMPATH\CodeIgniter.php(353): CodeIgniter\CodeIgniter->handleRequest(null, Object(Config\Cache), false)
 5 FCPATH\index.php(79): CodeIgniter\CodeIgniter->run()
CRITICAL - 2023-10-27 03:42:10 --> Undefined property: stdClass::$nombre
in APPPATH\Views\home\listaMascotas.php on line 10.
 1 APPPATH\Views\home\listaMascotas.php(10): CodeIgniter\Debug\Exceptions->errorHandler(2, 'Undefined property: stdClass::$nombre', 'C:\\xampp\\htdocs\\Pro_Adopciones\\app\\Views\\home\\listaMascotas.php', 10)
 2 SYSTEMPATH\View\View.php(226): include('C:\\xampp\\htdocs\\Pro_Adopciones\\app\\Views\\home\\listaMascotas.php')
 3 SYSTEMPATH\View\View.php(229): CodeIgniter\View\View->CodeIgniter\View\{closure}()
 4 SYSTEMPATH\Common.php(1188): CodeIgniter\View\View->render('home/listaMascotas', [], true)
 5 APPPATH\Controllers\Home.php(16): view('home/listaMascotas', [...])
 6 SYSTEMPATH\CodeIgniter.php(919): App\Controllers\Home->index()
 7 SYSTEMPATH\CodeIgniter.php(494): CodeIgniter\CodeIgniter->runController(Object(App\Controllers\Home))
 8 SYSTEMPATH\CodeIgniter.php(353): CodeIgniter\CodeIgniter->handleRequest(null, Object(Config\Cache), false)
 9 FCPATH\index.php(79): CodeIgniter\CodeIgniter->run()
CRITICAL - 2023-10-27 15:23:37 --> Undefined variable $razas
in APPPATH\Views\Mascota\buscar.php on line 33.
 1 APPPATH\Views\Mascota\buscar.php(33): CodeIgniter\Debug\Exceptions->errorHandler(2, 'Undefined variable $razas', 'C:\\xampp\\htdocs\\Pro_Adopciones\\app\\Views\\Mascota\\buscar.php', 33)
 2 SYSTEMPATH\View\View.php(226): include('C:\\xampp\\htdocs\\Pro_Adopciones\\app\\Views\\Mascota\\buscar.php')
 3 SYSTEMPATH\View\View.php(229): CodeIgniter\View\View->CodeIgniter\View\{closure}()
 4 SYSTEMPATH\Common.php(1188): CodeIgniter\View\View->render('Mascota/buscar', [], true)
 5 APPPATH\Controllers\Mascota.php(126): view('Mascota/buscar', [...])
 6 SYSTEMPATH\CodeIgniter.php(919): App\Controllers\Mascota->buscar()
 7 SYSTEMPATH\CodeIgniter.php(494): CodeIgniter\CodeIgniter->runController(Object(App\Controllers\Mascota))
 8 SYSTEMPATH\CodeIgniter.php(353): CodeIgniter\CodeIgniter->handleRequest(null, Object(Config\Cache), false)
 9 FCPATH\index.php(79): CodeIgniter\CodeIgniter->run()
10 SYSTEMPATH\Commands\Server\rewrite.php(47): require_once('C:\\xampp\\htdocs\\Pro_Adopciones\\public\\index.php')
CRITICAL - 2023-10-27 16:44:09 --> Undefined variable $Mascota
in APPPATH\Views\home\listaMascotas.php on line 34.
 1 APPPATH\Views\home\listaMascotas.php(34): CodeIgniter\Debug\Exceptions->errorHandler(2, 'Undefined variable $Mascota', 'C:\\xampp\\htdocs\\Pro_Adopciones\\app\\Views\\home\\listaMascotas.php', 34)
 2 SYSTEMPATH\View\View.php(226): include('C:\\xampp\\htdocs\\Pro_Adopciones\\app\\Views\\home\\listaMascotas.php')
 3 SYSTEMPATH\View\View.php(229): CodeIgniter\View\View->CodeIgniter\View\{closure}()
 4 SYSTEMPATH\Common.php(1188): CodeIgniter\View\View->render('home/listaMascotas', [], true)
 5 APPPATH\Controllers\Home.php(16): view('home/listaMascotas', [...])
 6 SYSTEMPATH\CodeIgniter.php(919): App\Controllers\Home->index()
 7 SYSTEMPATH\CodeIgniter.php(494): CodeIgniter\CodeIgniter->runController(Object(App\Controllers\Home))
 8 SYSTEMPATH\CodeIgniter.php(353): CodeIgniter\CodeIgniter->handleRequest(null, Object(Config\Cache), false)
 9 FCPATH\index.php(79): CodeIgniter\CodeIgniter->run()
